2025-07-15 16:05:55,354 - utils.system_monitor - INFO - {"event": "iteration_start", "iteration": 1, "timestamp": "2025-07-15T16:05:55.354185", "session_duration_minutes": 0.14410231908162435}
2025-07-15 16:07:13,272 - utils.system_monitor - INFO - {"event": "iteration_end", "metrics": {"iteracao": 1, "timestamp": "2025-07-15T16:07:13.272867", "total_noticias_encontradas": 0, "noticias_validadas": 0, "duplicatas_removidas": 0, "municipios_invalidos": 0, "tempo_execucao": 77.91768145561218, "taxa_sucesso_ferramentas": 0.0, "consultas_alternativas_usadas": 0, "erros_validacao": 0, "qualidade_dados": 0.0}}
2025-07-15 16:07:13,274 - utils.system_monitor - WARNING - {"event": "performance_alert", "alert": {"tipo": "TOOL_SUCCESS_RATE", "severidade": "HIGH", "mensagem": "Taxa de sucesso de ferramentas baixa: 0.00%", "timestamp": "2025-07-15T16:07:13.274864", "contexto": {"success_rate": 0.0}}}
2025-07-15 16:07:13,275 - utils.system_monitor - WARNING - {"event": "performance_alert", "alert": {"tipo": "DATA_QUALITY", "severidade": "HIGH", "mensagem": "Qualidade de dados baixa: 0.00%", "timestamp": "2025-07-15T16:07:13.275863", "contexto": {"quality_score": 0.0}}}
2025-07-15 16:07:43,277 - utils.system_monitor - INFO - {"event": "iteration_start", "iteration": 2, "timestamp": "2025-07-15T16:07:43.277372", "session_duration_minutes": 1.9428220907847087}
2025-07-15 16:09:55,935 - utils.system_monitor - INFO - {"event": "iteration_end", "metrics": {"iteracao": 2, "timestamp": "2025-07-15T16:09:55.935923", "total_noticias_encontradas": 0, "noticias_validadas": 0, "duplicatas_removidas": 0, "municipios_invalidos": 0, "tempo_execucao": 132.62956953048706, "taxa_sucesso_ferramentas": 0.0, "consultas_alternativas_usadas": 0, "erros_validacao": 0, "qualidade_dados": 0.0}}
2025-07-15 16:09:55,936 - utils.system_monitor - WARNING - {"event": "performance_alert", "alert": {"tipo": "TOOL_SUCCESS_RATE", "severidade": "HIGH", "mensagem": "Taxa de sucesso de ferramentas baixa: 0.00%", "timestamp": "2025-07-15T16:09:55.936922", "contexto": {"success_rate": 0.0}}}
2025-07-15 16:09:55,936 - utils.system_monitor - WARNING - {"event": "performance_alert", "alert": {"tipo": "DATA_QUALITY", "severidade": "HIGH", "mensagem": "Qualidade de dados baixa: 0.00%", "timestamp": "2025-07-15T16:09:55.936922", "contexto": {"quality_score": 0.0}}}
2025-07-15 16:10:25,938 - utils.system_monitor - INFO - {"event": "iteration_start", "iteration": 3, "timestamp": "2025-07-15T16:10:25.938498", "session_duration_minutes": 4.653840859731038}
2025-07-15 16:13:26,669 - utils.system_monitor - INFO - {"event": "iteration_end", "metrics": {"iteracao": 3, "timestamp": "2025-07-15T16:13:26.669673", "total_noticias_encontradas": 0, "noticias_validadas": 0, "duplicatas_removidas": 0, "municipios_invalidos": 0, "tempo_execucao": 180.72916674613953, "taxa_sucesso_ferramentas": 0.0, "consultas_alternativas_usadas": 0, "erros_validacao": 0, "qualidade_dados": 0.0}}
2025-07-15 16:13:26,671 - utils.system_monitor - WARNING - {"event": "performance_alert", "alert": {"tipo": "TOOL_SUCCESS_RATE", "severidade": "HIGH", "mensagem": "Taxa de sucesso de ferramentas baixa: 0.00%", "timestamp": "2025-07-15T16:13:26.671255", "contexto": {"success_rate": 0.0}}}
2025-07-15 16:13:26,672 - utils.system_monitor - WARNING - {"event": "performance_alert", "alert": {"tipo": "DATA_QUALITY", "severidade": "HIGH", "mensagem": "Qualidade de dados baixa: 0.00%", "timestamp": "2025-07-15T16:13:26.672258", "contexto": {"quality_score": 0.0}}}
2025-07-15 16:13:56,673 - utils.system_monitor - INFO - {"event": "iteration_start", "iteration": 4, "timestamp": "2025-07-15T16:13:56.673594", "session_duration_minutes": 8.166092467308044}
2025-07-15 16:16:57,664 - utils.system_monitor - INFO - {"event": "iteration_end", "metrics": {"iteracao": 4, "timestamp": "2025-07-15T16:16:57.664570", "total_noticias_encontradas": 0, "noticias_validadas": 0, "duplicatas_removidas": 0, "municipios_invalidos": 0, "tempo_execucao": 180.9889669418335, "taxa_sucesso_ferramentas": 0.0, "consultas_alternativas_usadas": 0, "erros_validacao": 0, "qualidade_dados": 0.0}}
2025-07-15 16:16:57,669 - utils.system_monitor - WARNING - {"event": "performance_alert", "alert": {"tipo": "TOOL_SUCCESS_RATE", "severidade": "HIGH", "mensagem": "Taxa de sucesso de ferramentas baixa: 0.00%", "timestamp": "2025-07-15T16:16:57.669567", "contexto": {"success_rate": 0.0}}}
2025-07-15 16:16:57,670 - utils.system_monitor - WARNING - {"event": "performance_alert", "alert": {"tipo": "DATA_QUALITY", "severidade": "HIGH", "mensagem": "Qualidade de dados baixa: 0.00%", "timestamp": "2025-07-15T16:16:57.670567", "contexto": {"quality_score": 0.0}}}
2025-07-15 16:17:27,673 - utils.system_monitor - INFO - {"event": "iteration_start", "iteration": 5, "timestamp": "2025-07-15T16:17:27.673991", "session_duration_minutes": 11.682765746116639}
2025-07-15 16:20:10,954 - utils.system_monitor - INFO - {"event": "iteration_end", "metrics": {"iteracao": 5, "timestamp": "2025-07-15T16:20:10.954128", "total_noticias_encontradas": 0, "noticias_validadas": 0, "duplicatas_removidas": 0, "municipios_invalidos": 0, "tempo_execucao": 163.27813744544983, "taxa_sucesso_ferramentas": 0.0, "consultas_alternativas_usadas": 0, "erros_validacao": 0, "qualidade_dados": 0.0}}
2025-07-15 16:20:10,956 - utils.system_monitor - WARNING - {"event": "performance_alert", "alert": {"tipo": "TOOL_SUCCESS_RATE", "severidade": "HIGH", "mensagem": "Taxa de sucesso de ferramentas baixa: 0.00%", "timestamp": "2025-07-15T16:20:10.955128", "contexto": {"success_rate": 0.0}}}
2025-07-15 16:20:10,957 - utils.system_monitor - WARNING - {"event": "performance_alert", "alert": {"tipo": "DATA_QUALITY", "severidade": "HIGH", "mensagem": "Qualidade de dados baixa: 0.00%", "timestamp": "2025-07-15T16:20:10.956127", "contexto": {"quality_score": 0.0}}}
2025-07-15 16:20:10,967 - utils.system_monitor - INFO - Relatório de performance salvo em: logs\performance_report_20250715_162010.json
2025-07-15 16:48:09,439 - utils.system_monitor - INFO - {"event": "iteration_start", "iteration": 1, "timestamp": "2025-07-15T16:48:09.439161", "session_duration_minutes": 0.14515328407287598}
